# JRE version: OpenJDK Runtime Environment (21.0.1+12) (build 21.0.1+12-29)
# Java VM: OpenJDK 64-Bit Server VM (21.0.1+12-29, mixed mode, sharing, tiered, compressed oops, compressed class ptrs, g1 gc, windows-amd64)
GC Precious Log:
 CardTable entry size: 512
 Card Set container configuration: InlinePtr #cards 4 size 8 Array Of Cards #cards 16 size 48 Howl #buckets 8 coarsen threshold 3686 Howl Bitmap #cards 512 size 80 coarsen threshold 460 Card regions per heap region 1 cards per card region 4096
 CPUs: 4 total, 4 available
 Memory: 12155M
 Large Page Support: Disabled
 NUMA Support: Disabled
 Compressed Oops: Enabled (Zero based)
 Heap Region Size: 2M
 Heap Min Capacity: 8M
 Heap Initial Capacity: 190M
 Heap Max Capacity: 3040M
 Pre-touch: Disabled
 Parallel Workers: 4
 Concurrent Workers: 1
 Concurrent Refinement Workers: 4
 Periodic GC: Disabled
Heap:
 garbage-first heap   total 356352K, used 143160K [0x0000000742000000, 0x0000000800000000)
  region size 2048K, 14 young (28672K), 11 survivors (22528K)
 Metaspace       used 21510K, committed 21824K, reserved 1114112K
  class space    used 3069K, committed 3264K, reserved 1048576K
GC Heap History (20 events):
Event: 0.655 GC heap before
{Heap before GC invocations=0 (full 0):
 garbage-first heap   total 194560K, used 10240K [0x0000000742000000, 0x0000000800000000)
  region size 2048K, 6 young (12288K), 0 survivors (0K)
 Metaspace       used 1104K, committed 1280K, reserved 1114112K
  class space    used 76K, committed 192K, reserved 1048576K
}
Event: 0.660 GC heap after
{Heap after GC invocations=1 (full 0):
 garbage-first heap   total 194560K, used 4646K [0x0000000742000000, 0x0000000800000000)
  region size 2048K, 1 young (2048K), 1 survivors (2048K)
 Metaspace       used 1104K, committed 1280K, reserved 1114112K
  class space    used 76K, committed 192K, reserved 1048576K
}
Event: 1.171 GC heap before
{Heap before GC invocations=1 (full 0):
 garbage-first heap   total 194560K, used 16934K [0x0000000742000000, 0x0000000800000000)
  region size 2048K, 7 young (14336K), 1 survivors (2048K)
 Metaspace       used 4444K, committed 4672K, reserved 1114112K
  class space    used 507K, committed 640K, reserved 1048576K
}
Event: 1.175 GC heap after
{Heap after GC invocations=2 (full 0):
 garbage-first heap   total 194560K, used 6097K [0x0000000742000000, 0x0000000800000000)
  region size 2048K, 1 young (2048K), 1 survivors (2048K)
 Metaspace       used 4444K, committed 4672K, reserved 1114112K
  class space    used 507K, committed 640K, reserved 1048576K
}
Event: 3.021 GC heap before
{Heap before GC invocations=2 (full 0):
 garbage-first heap   total 194560K, used 34769K [0x0000000742000000, 0x0000000800000000)
  region size 2048K, 16 young (32768K), 1 survivors (2048K)
 Metaspace       used 9598K, committed 9920K, reserved 1114112K
  class space    used 1244K, committed 1408K, reserved 1048576K
}
Event: 3.027 GC heap after
{Heap after GC invocations=3 (full 0):
 garbage-first heap   total 194560K, used 10553K [0x0000000742000000, 0x0000000800000000)
  region size 2048K, 2 young (4096K), 2 survivors (4096K)
 Metaspace       used 9598K, committed 9920K, reserved 1114112K
  class space    used 1244K, committed 1408K, reserved 1048576K
}
Event: 3.303 GC heap before
{Heap before GC invocations=3 (full 0):
 garbage-first heap   total 194560K, used 94521K [0x0000000742000000, 0x0000000800000000)
  region size 2048K, 43 young (88064K), 2 survivors (4096K)
 Metaspace       used 9626K, committed 9920K, reserved 1114112K
  class space    used 1244K, committed 1408K, reserved 1048576K
}
Event: 3.316 GC heap after
{Heap after GC invocations=4 (full 0):
 garbage-first heap   total 194560K, used 25995K [0x0000000742000000, 0x0000000800000000)
  region size 2048K, 6 young (12288K), 6 survivors (12288K)
 Metaspace       used 9626K, committed 9920K, reserved 1114112K
  class space    used 1244K, committed 1408K, reserved 1048576K
}
Event: 3.474 GC heap before
{Heap before GC invocations=4 (full 0):
 garbage-first heap   total 194560K, used 81291K [0x0000000742000000, 0x0000000800000000)
  region size 2048K, 33 young (67584K), 6 survivors (12288K)
 Metaspace       used 9626K, committed 9920K, reserved 1114112K
  class space    used 1244K, committed 1408K, reserved 1048576K
}
Event: 3.491 GC heap after
{Heap after GC invocations=5 (full 0):
 garbage-first heap   total 194560K, used 37404K [0x0000000742000000, 0x0000000800000000)
  region size 2048K, 5 young (10240K), 5 survivors (10240K)
 Metaspace       used 9626K, committed 9920K, reserved 1114112K
  class space    used 1244K, committed 1408K, reserved 1048576K
}
Event: 3.682 GC heap before
{Heap before GC invocations=5 (full 0):
 garbage-first heap   total 194560K, used 96796K [0x0000000742000000, 0x0000000800000000)
  region size 2048K, 34 young (69632K), 5 survivors (10240K)
 Metaspace       used 9626K, committed 9920K, reserved 1114112K
  class space    used 1244K, committed 1408K, reserved 1048576K
}
Event: 3.694 GC heap after
{Heap after GC invocations=6 (full 0):
 garbage-first heap   total 194560K, used 49120K [0x0000000742000000, 0x0000000800000000)
  region size 2048K, 5 young (10240K), 5 survivors (10240K)
 Metaspace       used 9626K, committed 9920K, reserved 1114112K
  class space    used 1244K, committed 1408K, reserved 1048576K
}
Event: 3.848 GC heap before
{Heap before GC invocations=6 (full 0):
 garbage-first heap   total 194560K, used 141280K [0x0000000742000000, 0x0000000800000000)
  region size 2048K, 50 young (102400K), 5 survivors (10240K)
 Metaspace       used 9638K, committed 9984K, reserved 1114112K
  class space    used 1244K, committed 1408K, reserved 1048576K
}
Event: 3.864 GC heap after
{Heap after GC invocations=7 (full 0):
 garbage-first heap   total 194560K, used 67584K [0x0000000742000000, 0x0000000800000000)
  region size 2048K, 7 young (14336K), 7 survivors (14336K)
 Metaspace       used 9638K, committed 9984K, reserved 1114112K
  class space    used 1244K, committed 1408K, reserved 1048576K
}
Event: 3.956 GC heap before
{Heap before GC invocations=7 (full 0):
 garbage-first heap   total 194560K, used 151552K [0x0000000742000000, 0x0000000800000000)
  region size 2048K, 48 young (98304K), 7 survivors (14336K)
 Metaspace       used 9638K, committed 9984K, reserved 1114112K
  class space    used 1244K, committed 1408K, reserved 1048576K
}
Event: 3.971 GC heap after
{Heap after GC invocations=8 (full 0):
 garbage-first heap   total 356352K, used 85568K [0x0000000742000000, 0x0000000800000000)
  region size 2048K, 6 young (12288K), 6 survivors (12288K)
 Metaspace       used 9638K, committed 9984K, reserved 1114112K
  class space    used 1244K, committed 1408K, reserved 1048576K
}
Event: 4.186 GC heap before
{Heap before GC invocations=8 (full 0):
 garbage-first heap   total 356352K, used 208448K [0x0000000742000000, 0x0000000800000000)
  region size 2048K, 65 young (133120K), 6 survivors (12288K)
 Metaspace       used 9662K, committed 9984K, reserved 1114112K
  class space    used 1244K, committed 1408K, reserved 1048576K
}
Event: 4.205 GC heap after
{Heap after GC invocations=9 (full 0):
 garbage-first heap   total 356352K, used 111392K [0x0000000742000000, 0x0000000800000000)
  region size 2048K, 9 young (18432K), 9 survivors (18432K)
 Metaspace       used 9662K, committed 9984K, reserved 1114112K
  class space    used 1244K, committed 1408K, reserved 1048576K
}
Event: 37.722 GC heap before
{Heap before GC invocations=9 (full 0):
 garbage-first heap   total 356352K, used 258848K [0x0000000742000000, 0x0000000800000000)
  region size 2048K, 82 young (167936K), 9 survivors (18432K)
 Metaspace       used 21172K, committed 21504K, reserved 1114112K
  class space    used 3000K, committed 3200K, reserved 1048576K
}
Event: 37.742 GC heap after
{Heap after GC invocations=10 (full 0):
 garbage-first heap   total 356352K, used 139064K [0x0000000742000000, 0x0000000800000000)
  region size 2048K, 11 young (22528K), 11 survivors (22528K)
 Metaspace       used 21172K, committed 21504K, reserved 1114112K
  class space    used 3000K, committed 3200K, reserved 1048576K
}

